{"/home/fakhry/Workshops/dicoding/backend-expert-js/auth-api/src/Commons/exceptions/AuthenticationError.js": {"path":"/home/fakhry/Workshops/dicoding/backend-expert-js/auth-api/src/Commons/exceptions/AuthenticationError.js","statementMap":{"0":{"start":{"line":5,"column":4},"end":{"line":5,"column":null}},"1":{"start":{"line":6,"column":4},"end":{"line":6,"column":null}}},"fnMap":{"0":{"name":"(anonymous_0)","decl":{"start":{"line":4,"column":2},"end":{"line":4,"column":13}},"loc":{"start":{"line":4,"column":23},"end":{"line":7,"column":null}},"line":4}},"branchMap":{},"s":{"0":1,"1":1},"f":{"0":1},"b":{},"meta":{"lastBranch":0,"lastFunction":1,"lastStatement":2,"seen":{"f:4:2:4:13":0,"s:5:4:5:Infinity":0,"s:6:4:6:Infinity":1}}}
,"/home/fakhry/Workshops/dicoding/backend-expert-js/auth-api/src/Commons/exceptions/ClientError.js": {"path":"/home/fakhry/Workshops/dicoding/backend-expert-js/auth-api/src/Commons/exceptions/ClientError.js","statementMap":{"0":{"start":{"line":3,"column":4},"end":{"line":3,"column":null}},"1":{"start":{"line":5,"column":4},"end":{"line":7,"column":null}},"2":{"start":{"line":6,"column":6},"end":{"line":6,"column":null}},"3":{"start":{"line":9,"column":4},"end":{"line":9,"column":null}},"4":{"start":{"line":10,"column":4},"end":{"line":10,"column":null}}},"fnMap":{"0":{"name":"(anonymous_0)","decl":{"start":{"line":2,"column":2},"end":{"line":2,"column":13}},"loc":{"start":{"line":2,"column":41},"end":{"line":11,"column":null}},"line":2}},"branchMap":{"0":{"loc":{"start":{"line":2,"column":23},"end":{"line":2,"column":39}},"type":"default-arg","locations":[{"start":{"line":2,"column":36},"end":{"line":2,"column":39}}],"line":2},"1":{"loc":{"start":{"line":5,"column":4},"end":{"line":7,"column":null}},"type":"if","locations":[{"start":{"line":5,"column":4},"end":{"line":7,"column":null}},{"start":{},"end":{}}],"line":5}},"s":{"0":4,"1":4,"2":1,"3":3,"4":3},"f":{"0":4},"b":{"0":[4],"1":[1,3]},"meta":{"lastBranch":2,"lastFunction":1,"lastStatement":5,"seen":{"f:2:2:2:13":0,"b:2:36:2:39":0,"s:3:4:3:Infinity":0,"b:5:4:7:Infinity:undefined:undefined:undefined:undefined":1,"s:5:4:7:Infinity":1,"s:6:6:6:Infinity":2,"s:9:4:9:Infinity":3,"s:10:4:10:Infinity":4}}}
,"/home/fakhry/Workshops/dicoding/backend-expert-js/auth-api/src/Commons/exceptions/InvariantError.js": {"path":"/home/fakhry/Workshops/dicoding/backend-expert-js/auth-api/src/Commons/exceptions/InvariantError.js","statementMap":{"0":{"start":{"line":5,"column":4},"end":{"line":5,"column":null}},"1":{"start":{"line":6,"column":4},"end":{"line":6,"column":null}}},"fnMap":{"0":{"name":"(anonymous_0)","decl":{"start":{"line":4,"column":2},"end":{"line":4,"column":13}},"loc":{"start":{"line":4,"column":23},"end":{"line":7,"column":null}},"line":4}},"branchMap":{},"s":{"0":1,"1":1},"f":{"0":1},"b":{},"meta":{"lastBranch":0,"lastFunction":1,"lastStatement":2,"seen":{"f:4:2:4:13":0,"s:5:4:5:Infinity":0,"s:6:4:6:Infinity":1}}}
,"/home/fakhry/Workshops/dicoding/backend-expert-js/auth-api/src/Commons/exceptions/NotFoundError.js": {"path":"/home/fakhry/Workshops/dicoding/backend-expert-js/auth-api/src/Commons/exceptions/NotFoundError.js","statementMap":{"0":{"start":{"line":5,"column":4},"end":{"line":5,"column":null}},"1":{"start":{"line":6,"column":4},"end":{"line":6,"column":null}}},"fnMap":{"0":{"name":"(anonymous_0)","decl":{"start":{"line":4,"column":2},"end":{"line":4,"column":13}},"loc":{"start":{"line":4,"column":23},"end":{"line":7,"column":null}},"line":4}},"branchMap":{},"s":{"0":1,"1":1},"f":{"0":1},"b":{},"meta":{"lastBranch":0,"lastFunction":1,"lastStatement":2,"seen":{"f:4:2:4:13":0,"s:5:4:5:Infinity":0,"s:6:4:6:Infinity":1}}}
}
